<?xml version="1.0" encoding="UTF-8"?>
<!-- Generated by org.testng.reporters.JUnitReportReporter -->
<testsuite hostname="197NODNB19086" name="com.astro.view.demo.AppTest" tests="1" failures="0" timestamp="18 Sep 2017 21:32:02 GMT" time="110.382" errors="0">
  <testcase name="validateContent" time="110.382" classname="com.astro.view.demo.AppTest"/>
</testsuite> <!-- com.astro.view.demo.AppTest -->
